[debug] [2021-03-01T06:08:17.492Z] ----------------------------------------------------------------------
[debug] [2021-03-01T06:08:17.496Z] Command:       /home/usestack/.nvm/versions/node/v14.5.0/bin/node /home/usestack/.nvm/versions/node/v14.5.0/bin/firebase deploy
[debug] [2021-03-01T06:08:17.497Z] CLI Version:   8.19.0
[debug] [2021-03-01T06:08:17.498Z] Platform:      linux
[debug] [2021-03-01T06:08:17.498Z] Node Version:  v14.5.0
[debug] [2021-03-01T06:08:17.504Z] Time:          Mon Mar 01 2021 13:08:17 GMT+0700 (Indochina Time)
[debug] [2021-03-01T06:08:17.504Z] ----------------------------------------------------------------------
[debug] [2021-03-01T06:08:17.504Z] 
[debug] [2021-03-01T06:08:17.508Z] >>> [apiv2][query] GET https://firebase-public.firebaseio.com/cli.json [none]
[debug] [2021-03-01T06:08:17.546Z] > command requires scopes: ["email","openid","https://www.googleapis.com/auth/cloudplatformprojects.readonly","https://www.googleapis.com/auth/firebase","https://www.googleapis.com/auth/cloud-platform"]
[debug] [2021-03-01T06:08:17.547Z] > authorizing via signed-in user
[debug] [2021-03-01T06:08:17.547Z] [iam] checking project store-of-king for permissions ["firebase.projects.get","firebasehosting.sites.update"]
[debug] [2021-03-01T06:08:17.550Z] > refreshing access token with scopes: ["email","https://www.googleapis.com/auth/cloud-platform","https://www.googleapis.com/auth/cloudplatformprojects.readonly","https://www.googleapis.com/auth/firebase","openid"]
[debug] [2021-03-01T06:08:17.551Z] >>> HTTP REQUEST POST https://www.googleapis.com/oauth2/v3/token  
 <request body omitted>
[debug] [2021-03-01T06:08:17.853Z] <<< HTTP RESPONSE 200 {"expires":"Mon, 01 Jan 1990 00:00:00 GMT","pragma":"no-cache","cache-control":"no-cache, no-store, max-age=0, must-revalidate","date":"Mon, 01 Mar 2021 06:08:17 GMT","content-type":"application/json; charset=utf-8","vary":"X-Origin, Referer, Origin,Accept-Encoding","server":"scaffolding on HTTPServer2","x-xss-protection":"0","x-frame-options":"SAMEORIGIN","x-content-type-options":"nosniff","alt-svc":"h3-29=\":443\"; ma=2592000,h3-T051=\":443\"; ma=2592000,h3-Q050=\":443\"; ma=2592000,h3-Q046=\":443\"; ma=2592000,h3-Q043=\":443\"; ma=2592000,quic=\":443\"; ma=2592000; v=\"46,43\"","accept-ranges":"none","transfer-encoding":"chunked"}
[debug] [2021-03-01T06:08:17.866Z] >>> HTTP REQUEST POST https://cloudresourcemanager.googleapis.com/v1/projects/store-of-king:testIamPermissions  
 {"permissions":["firebase.projects.get","firebasehosting.sites.update"]}
[debug] [2021-03-01T06:08:18.602Z] <<< [apiv2][status] GET https://firebase-public.firebaseio.com/cli.json 200
[debug] [2021-03-01T06:08:18.603Z] <<< [apiv2][body] GET https://firebase-public.firebaseio.com/cli.json {"cloudBuildErrorAfter":1594252800000,"cloudBuildWarnAfter":1590019200000,"defaultNode10After":1594252800000,"minVersion":"3.0.5","node8DeploysDisabledAfter":1613390400000,"node8RuntimeDisabledAfter":1615809600000,"node8WarnAfter":1600128000000}
[debug] [2021-03-01T06:08:24.076Z] <<< HTTP RESPONSE 200 {"content-type":"application/json; charset=UTF-8","vary":"X-Origin, Referer, Origin,Accept-Encoding","date":"Mon, 01 Mar 2021 06:08:23 GMT","server":"ESF","cache-control":"private","x-xss-protection":"0","x-frame-options":"SAMEORIGIN","x-content-type-options":"nosniff","server-timing":"gfet4t7; dur=818","alt-svc":"h3-29=\":443\"; ma=2592000,h3-T051=\":443\"; ma=2592000,h3-Q050=\":443\"; ma=2592000,h3-Q046=\":443\"; ma=2592000,h3-Q043=\":443\"; ma=2592000,quic=\":443\"; ma=2592000; v=\"46,43\"","accept-ranges":"none","transfer-encoding":"chunked"}
[debug] [2021-03-01T06:08:24.082Z] >>> HTTP REQUEST GET https://firebase.googleapis.com/v1beta1/projects/store-of-king  
 
[debug] [2021-03-01T06:08:24.460Z] <<< HTTP RESPONSE 200 {"content-type":"application/json; charset=UTF-8","vary":"X-Origin, Referer, Origin,Accept-Encoding","date":"Mon, 01 Mar 2021 06:08:24 GMT","server":"ESF","cache-control":"private","x-xss-protection":"0","x-frame-options":"SAMEORIGIN","x-content-type-options":"nosniff","alt-svc":"h3-29=\":443\"; ma=2592000,h3-T051=\":443\"; ma=2592000,h3-Q050=\":443\"; ma=2592000,h3-Q046=\":443\"; ma=2592000,h3-Q043=\":443\"; ma=2592000,quic=\":443\"; ma=2592000; v=\"46,43\"","accept-ranges":"none","transfer-encoding":"chunked"}
[info] 
[info] === Deploying to 'store-of-king'...
[info] 
[info] i  deploying hosting 
[debug] [2021-03-01T06:08:24.468Z] >>> HTTP REQUEST POST https://firebasehosting.googleapis.com/v1beta1/sites/store-of-king/versions  
 {"config":{},"labels":{"deployment-tool":"cli-firebase"}}
